<?xml version="1.0" encoding="UTF-8"?>
<!-- Generated by org.testng.reporters.JUnitReportReporter -->
<testsuite hostname="vinoth" failures="0" tests="4" name="testNG_Practice.DataDrivenExample" time="16.419" errors="0" timestamp="2023-07-21T16:17:46 IST" skipped="0">
  <testcase classname="testNG_Practice.DataDrivenExample" name="login" time="1.916"/>
  <system-out/>
  <testcase classname="testNG_Practice.DataDrivenExample" name="login" time="0.961"/>
  <system-out/>
  <testcase classname="testNG_Practice.DataDrivenExample" name="login" time="2.058"/>
  <system-out/>
  <testcase classname="testNG_Practice.DataDrivenExample" name="login" time="11.484"/>
  <system-out/>
</testsuite> <!-- testNG_Practice.DataDrivenExample -->
