<?xml version="1.0" encoding="UTF-8"?>
<!-- Generated by org.testng.reporters.JUnitReportReporter -->
<testsuite hostname="vinoth" failures="0" tests="1" name="dataDrivenFramework.DataDrivenWithXlsSheet" time="0.000" errors="0" timestamp="2023-07-24T20:57:45 IST" skipped="1">
  <testcase classname="dataDrivenFramework.DataDrivenWithXlsSheet" name="login" time="0.000">
    <skipped/>
  </testcase> <!-- login -->
  <system-out/>
</testsuite> <!-- dataDrivenFramework.DataDrivenWithXlsSheet -->
