<?xml version="1.0" encoding="UTF-8"?>
<!-- Generated by org.testng.reporters.JUnitReportReporter -->
<testsuite hostname="DESKTOP-FFK6AU3" failures="0" tests="5" name="testNG_Practice.PrioritAndSkip" time="0.018" errors="0" timestamp="2024-06-20T12:34:58 IST" skipped="1">
  <testcase classname="testNG_Practice.PrioritAndSkip" name="startACar" time="0.012"/>
  <system-out/>
  <testcase classname="testNG_Practice.PrioritAndSkip" name="putSecondGear" time="0.002"/>
  <system-out/>
  <testcase classname="testNG_Practice.PrioritAndSkip" name="putThirdGear" time="0.002"/>
  <system-out/>
  <testcase classname="testNG_Practice.PrioritAndSkip" name="putFourthGear" time="0.002"/>
  <system-out/>
  <testcase classname="testNG_Practice.PrioritAndSkip" name="putFirstGear">
    <skipped/>
  </testcase> <!-- putFirstGear -->
  <system-out/>
</testsuite> <!-- testNG_Practice.PrioritAndSkip -->
