<?xml version="1.0" encoding="UTF-8"?>
<!-- Generated by org.testng.reporters.JUnitReportReporter -->
<testsuite hostname="vinoth" failures="0" tests="1" name="testNG_Practice.ParameterizationExample" time="0.008" errors="0" timestamp="2023-06-28T19:49:44 IST" skipped="0">
  <testcase classname="testNG_Practice.ParameterizationExample" name="printName" time="0.008"/>
  <system-out/>
</testsuite> <!-- testNG_Practice.ParameterizationExample -->
