<?xml version="1.0" encoding="UTF-8"?>
<!-- Generated by org.testng.reporters.JUnitReportReporter -->
<testsuite hostname="DESKTOP-FFK6AU3" failures="0" tests="8" name="testNG_Practice.GroupingExample" time="0.026" errors="0" timestamp="2024-06-20T12:19:49 IST" skipped="0">
  <testcase classname="testNG_Practice.GroupingExample" name="vivo1" time="0.001"/>
  <system-out/>
  <testcase classname="testNG_Practice.GroupingExample" name="vivo2" time="0.002"/>
  <system-out/>
  <testcase classname="testNG_Practice.GroupingExample" name="apple1" time="0.008"/>
  <system-out/>
  <testcase classname="testNG_Practice.GroupingExample" name="lenovo1" time="0.003"/>
  <system-out/>
  <testcase classname="testNG_Practice.GroupingExample" name="lenovo2" time="0.001"/>
  <system-out/>
  <testcase classname="testNG_Practice.GroupingExample" name="apple2" time="0.004"/>
  <system-out/>
  <testcase classname="testNG_Practice.GroupingExample" name="moto1" time="0.002"/>
  <system-out/>
  <testcase classname="testNG_Practice.GroupingExample" name="moto2" time="0.005"/>
  <system-out/>
</testsuite> <!-- testNG_Practice.GroupingExample -->
