<?xml version="1.0" encoding="UTF-8"?>
<!-- Generated by org.testng.reporters.JUnitReportReporter -->
<testsuite hostname="DESKTOP-FFK6AU3" failures="0" tests="5" name="testNG_Practice.DependenciesManagement" time="0.019" errors="0" timestamp="2024-06-20T12:18:08 IST" skipped="0">
  <testcase classname="testNG_Practice.DependenciesManagement" name="profile" time="0.001"/>
  <system-out/>
  <testcase classname="testNG_Practice.DependenciesManagement" name="login" time="0.011"/>
  <system-out/>
  <testcase classname="testNG_Practice.DependenciesManagement" name="dashboard" time="0.003"/>
  <system-out/>
  <testcase classname="testNG_Practice.DependenciesManagement" name="logout" time="0.002"/>
  <system-out/>
  <testcase classname="testNG_Practice.DependenciesManagement" name="addToCart" time="0.002"/>
  <system-out/>
</testsuite> <!-- testNG_Practice.DependenciesManagement -->
