<?xml version="1.0" encoding="UTF-8"?>
<!-- Generated by org.testng.reporters.JUnitReportReporter -->
<testsuite hostname="vinoth" failures="0" tests="2" name="testNG_Practice.ListenerCheckUp" time="4.030" errors="0" timestamp="2023-07-17T20:11:52 IST" skipped="0">
  <testcase classname="testNG_Practice.ListenerCheckUp" name="browser_Launch" time="2.130"/>
  <system-out/>
  <testcase classname="testNG_Practice.ListenerCheckUp" name="openFacebook" time="1.900"/>
  <system-out/>
</testsuite> <!-- testNG_Practice.ListenerCheckUp -->
