<?xml version="1.0" encoding="UTF-8"?>
<!-- Generated by org.testng.reporters.JUnitReportReporter -->
<testsuite hostname="vinoth" failures="0" tests="3" name="testNG_Practice.SuiteExample" time="6.447" errors="0" timestamp="2023-06-26T17:44:55 IST" skipped="0">
  <testcase classname="testNG_Practice.SuiteExample" name="open_Youtube" time="4.811"/>
  <system-out/>
  <testcase classname="testNG_Practice.SuiteExample" name="open_Hotstar" time="0.310"/>
  <system-out/>
  <testcase classname="testNG_Practice.SuiteExample" name="open_Google" time="1.326"/>
  <system-out/>
</testsuite> <!-- testNG_Practice.SuiteExample -->
